2020-11-15 18:24:53 - PHP Notice:  Array to string conversion in C:\openserver\OSPanel\domains\shtorm\system\storage\modification\admin\view\template\setting\setting.tpl on line 59
2020-11-15 18:24:53 - PHP Notice:  Array to string conversion in C:\openserver\OSPanel\domains\shtorm\system\storage\modification\admin\view\template\setting\setting.tpl on line 83
2020-11-15 18:24:53 - PHP Notice:  Array to string conversion in C:\openserver\OSPanel\domains\shtorm\system\storage\modification\admin\view\template\setting\setting.tpl on line 104
2020-11-15 18:31:43 - PHP Notice:  Undefined index: licenseCode in C:\openserver\OSPanel\domains\shtorm\admin\view\template\tool\nitro\pagecache_pane.php on line 109
2020-11-15 18:31:59 - PHP Notice:  Undefined index: licenseCode in C:\openserver\OSPanel\domains\shtorm\admin\view\template\tool\nitro\pagecache_pane.php on line 109
2020-11-15 18:32:21 - PHP Notice:  Undefined index: licenseCode in C:\openserver\OSPanel\domains\shtorm\admin\view\template\tool\nitro\pagecache_pane.php on line 109
2020-11-15 18:32:31 - PHP Notice:  Undefined index: licenseCode in C:\openserver\OSPanel\domains\shtorm\admin\view\template\tool\nitro\pagecache_pane.php on line 109
2020-11-15 18:32:40 - PHP Notice:  Undefined index: licenseCode in C:\openserver\OSPanel\domains\shtorm\admin\view\template\tool\nitro\pagecache_pane.php on line 109
2020-11-15 18:32:59 - PHP Notice:  Undefined index: licenseCode in C:\openserver\OSPanel\domains\shtorm\admin\view\template\tool\nitro\pagecache_pane.php on line 109
2020-11-15 18:33:04 - PHP Notice:  Undefined index: licenseCode in C:\openserver\OSPanel\domains\shtorm\admin\view\template\tool\nitro\pagecache_pane.php on line 109
2020-11-15 18:33:17 - PHP Notice:  Undefined index: licenseCode in C:\openserver\OSPanel\domains\shtorm\admin\view\template\tool\nitro\pagecache_pane.php on line 109
2020-11-15 18:33:36 - PHP Notice:  Undefined index: licenseCode in C:\openserver\OSPanel\domains\shtorm\admin\view\template\tool\nitro\pagecache_pane.php on line 109
2020-11-15 18:33:59 - PHP Notice:  Undefined index: licenseCode in C:\openserver\OSPanel\domains\shtorm\admin\view\template\tool\nitro\pagecache_pane.php on line 109
2020-11-15 18:34:18 - PHP Notice:  Undefined index: licenseCode in C:\openserver\OSPanel\domains\shtorm\admin\view\template\tool\nitro\pagecache_pane.php on line 109
2020-11-15 18:34:45 - PHP Notice:  Undefined index: licenseCode in C:\openserver\OSPanel\domains\shtorm\admin\view\template\tool\nitro\pagecache_pane.php on line 109
2020-11-15 18:35:08 - PHP Notice:  Undefined index: licenseCode in C:\openserver\OSPanel\domains\shtorm\admin\view\template\tool\nitro\pagecache_pane.php on line 109
2020-11-15 18:41:45 - PHP Notice:  Undefined index: alt in C:\openserver\OSPanel\domains\shtorm\catalog\view\theme\journal3\template\journal3\module\master_slider.tpl on line 25
2020-11-15 18:41:47 - PHP Notice:  Undefined index: title in C:\openserver\OSPanel\domains\shtorm\catalog\view\theme\journal3\template\journal3\module\main_menu.tpl on line 61
2020-11-15 18:41:47 - PHP Notice:  Undefined index: label in C:\openserver\OSPanel\domains\shtorm\catalog\view\theme\journal3\template\journal3\module\main_menu.tpl on line 63
2020-11-15 18:41:47 - PHP Notice:  Undefined index: title in C:\openserver\OSPanel\domains\shtorm\catalog\view\theme\journal3\template\journal3\module\main_menu.tpl on line 61
2020-11-15 18:41:47 - PHP Notice:  Undefined index: label in C:\openserver\OSPanel\domains\shtorm\catalog\view\theme\journal3\template\journal3\module\main_menu.tpl on line 63
2020-11-15 18:41:47 - PHP Notice:  Undefined index: title in C:\openserver\OSPanel\domains\shtorm\catalog\view\theme\journal3\template\journal3\module\main_menu.tpl on line 61
2020-11-15 18:41:47 - PHP Notice:  Undefined index: label in C:\openserver\OSPanel\domains\shtorm\catalog\view\theme\journal3\template\journal3\module\main_menu.tpl on line 63
2020-11-15 18:41:47 - PHP Notice:  Undefined index: title in C:\openserver\OSPanel\domains\shtorm\catalog\view\theme\journal3\template\journal3\module\main_menu.tpl on line 61
2020-11-15 18:41:47 - PHP Notice:  Undefined index: label in C:\openserver\OSPanel\domains\shtorm\catalog\view\theme\journal3\template\journal3\module\main_menu.tpl on line 63
2020-11-15 18:41:47 - PHP Notice:  Undefined index: title in C:\openserver\OSPanel\domains\shtorm\catalog\view\theme\journal3\template\journal3\module\main_menu.tpl on line 61
2020-11-15 18:41:47 - PHP Notice:  Undefined index: label in C:\openserver\OSPanel\domains\shtorm\catalog\view\theme\journal3\template\journal3\module\main_menu.tpl on line 63
2020-11-15 18:41:47 - PHP Notice:  Undefined index: title in C:\openserver\OSPanel\domains\shtorm\catalog\view\theme\journal3\template\journal3\module\main_menu.tpl on line 61
2020-11-15 18:41:47 - PHP Notice:  Undefined index: label in C:\openserver\OSPanel\domains\shtorm\catalog\view\theme\journal3\template\journal3\module\main_menu.tpl on line 63
2020-11-15 18:41:47 - PHP Notice:  Undefined index: title in C:\openserver\OSPanel\domains\shtorm\catalog\view\theme\journal3\template\journal3\module\main_menu.tpl on line 61
2020-11-15 18:41:47 - PHP Notice:  Undefined index: label in C:\openserver\OSPanel\domains\shtorm\catalog\view\theme\journal3\template\journal3\module\main_menu.tpl on line 63
2020-11-15 18:41:47 - PHP Notice:  Undefined index: title in C:\openserver\OSPanel\domains\shtorm\catalog\view\theme\journal3\template\journal3\module\main_menu.tpl on line 61
2020-11-15 18:41:47 - PHP Notice:  Undefined index: label in C:\openserver\OSPanel\domains\shtorm\catalog\view\theme\journal3\template\journal3\module\main_menu.tpl on line 63
2020-11-15 18:41:47 - PHP Notice:  Undefined index: title in C:\openserver\OSPanel\domains\shtorm\catalog\view\theme\journal3\template\journal3\module\main_menu.tpl on line 97
2020-11-15 18:41:47 - PHP Notice:  Undefined index: label in C:\openserver\OSPanel\domains\shtorm\catalog\view\theme\journal3\template\journal3\module\main_menu.tpl on line 98
2020-11-15 18:41:47 - PHP Notice:  Undefined index: title in C:\openserver\OSPanel\domains\shtorm\catalog\view\theme\journal3\template\journal3\module\main_menu.tpl on line 97
2020-11-15 18:41:47 - PHP Notice:  Undefined index: label in C:\openserver\OSPanel\domains\shtorm\catalog\view\theme\journal3\template\journal3\module\main_menu.tpl on line 98
2020-11-15 18:41:47 - PHP Notice:  Undefined index: title in C:\openserver\OSPanel\domains\shtorm\catalog\view\theme\journal3\template\journal3\module\main_menu.tpl on line 97
2020-11-15 18:41:47 - PHP Notice:  Undefined index: label in C:\openserver\OSPanel\domains\shtorm\catalog\view\theme\journal3\template\journal3\module\main_menu.tpl on line 98
2020-11-15 18:41:47 - PHP Notice:  Undefined index: title in C:\openserver\OSPanel\domains\shtorm\catalog\view\theme\journal3\template\journal3\module\main_menu.tpl on line 97
2020-11-15 18:41:47 - PHP Notice:  Undefined index: label in C:\openserver\OSPanel\domains\shtorm\catalog\view\theme\journal3\template\journal3\module\main_menu.tpl on line 98
2020-11-15 18:41:47 - PHP Notice:  Undefined index: title in C:\openserver\OSPanel\domains\shtorm\catalog\view\theme\journal3\template\journal3\module\main_menu.tpl on line 90
2020-11-15 18:41:47 - PHP Notice:  Undefined index: label in C:\openserver\OSPanel\domains\shtorm\catalog\view\theme\journal3\template\journal3\module\main_menu.tpl on line 91
2020-11-15 18:41:47 - PHP Notice:  Undefined index: title in C:\openserver\OSPanel\domains\shtorm\catalog\view\theme\journal3\template\journal3\module\main_menu.tpl on line 90
2020-11-15 18:41:47 - PHP Notice:  Undefined index: label in C:\openserver\OSPanel\domains\shtorm\catalog\view\theme\journal3\template\journal3\module\main_menu.tpl on line 91
2020-11-15 18:41:50 - PHP Notice:  Array to string conversion in C:\openserver\OSPanel\domains\shtorm\catalog\view\theme\journal3\template\common\header.tpl on line 17
2020-11-15 18:41:50 - PHP Notice:  Array to string conversion in C:\openserver\OSPanel\domains\shtorm\catalog\view\theme\journal3\template\common\header.tpl on line 20
2020-11-15 18:41:50 - PHP Notice:  Array to string conversion in C:\openserver\OSPanel\domains\shtorm\catalog\view\theme\journal3\template\common\header.tpl on line 23
2020-11-15 18:42:39 - PHP Notice:  Undefined index: text in C:\openserver\OSPanel\domains\shtorm\catalog\view\theme\journal3\template\journal3\module\blocks.tpl on line 13
2020-11-15 18:42:39 - PHP Notice:  Undefined index: title in C:\openserver\OSPanel\domains\shtorm\catalog\view\theme\journal3\template\journal3\module\info_blocks.tpl on line 11
2020-11-15 18:42:39 - PHP Notice:  Undefined index: content in C:\openserver\OSPanel\domains\shtorm\catalog\view\theme\journal3\template\journal3\module\info_blocks.tpl on line 12
2020-11-15 18:42:39 - PHP Notice:  Undefined index: placeholder in C:\openserver\OSPanel\domains\shtorm\catalog\controller\journal3\form.php on line 99
2020-11-15 18:42:39 - PHP Notice:  Undefined index: placeholder in C:\openserver\OSPanel\domains\shtorm\catalog\controller\journal3\form.php on line 99
2020-11-15 18:42:39 - PHP Notice:  Undefined index: placeholder in C:\openserver\OSPanel\domains\shtorm\catalog\controller\journal3\form.php on line 99
2020-11-15 18:42:39 - PHP Notice:  Undefined index: title in C:\openserver\OSPanel\domains\shtorm\catalog\view\theme\journal3\template\journal3\module\main_menu.tpl on line 61
2020-11-15 18:42:39 - PHP Notice:  Undefined index: label in C:\openserver\OSPanel\domains\shtorm\catalog\view\theme\journal3\template\journal3\module\main_menu.tpl on line 63
2020-11-15 18:42:39 - PHP Notice:  Undefined index: title in C:\openserver\OSPanel\domains\shtorm\catalog\view\theme\journal3\template\journal3\module\main_menu.tpl on line 61
2020-11-15 18:42:39 - PHP Notice:  Undefined index: label in C:\openserver\OSPanel\domains\shtorm\catalog\view\theme\journal3\template\journal3\module\main_menu.tpl on line 63
2020-11-15 18:42:39 - PHP Notice:  Undefined index: title in C:\openserver\OSPanel\domains\shtorm\catalog\view\theme\journal3\template\journal3\module\main_menu.tpl on line 61
2020-11-15 18:42:39 - PHP Notice:  Undefined index: label in C:\openserver\OSPanel\domains\shtorm\catalog\view\theme\journal3\template\journal3\module\main_menu.tpl on line 63
2020-11-15 18:42:39 - PHP Notice:  Undefined index: title in C:\openserver\OSPanel\domains\shtorm\catalog\view\theme\journal3\template\journal3\module\main_menu.tpl on line 61
2020-11-15 18:42:39 - PHP Notice:  Undefined index: label in C:\openserver\OSPanel\domains\shtorm\catalog\view\theme\journal3\template\journal3\module\main_menu.tpl on line 63
2020-11-15 18:42:39 - PHP Notice:  Undefined index: title in C:\openserver\OSPanel\domains\shtorm\catalog\view\theme\journal3\template\journal3\module\main_menu.tpl on line 61
2020-11-15 18:42:39 - PHP Notice:  Undefined index: label in C:\openserver\OSPanel\domains\shtorm\catalog\view\theme\journal3\template\journal3\module\main_menu.tpl on line 63
2020-11-15 18:42:39 - PHP Notice:  Undefined index: title in C:\openserver\OSPanel\domains\shtorm\catalog\view\theme\journal3\template\journal3\module\main_menu.tpl on line 61
2020-11-15 18:42:39 - PHP Notice:  Undefined index: label in C:\openserver\OSPanel\domains\shtorm\catalog\view\theme\journal3\template\journal3\module\main_menu.tpl on line 63
2020-11-15 18:42:39 - PHP Notice:  Undefined index: title in C:\openserver\OSPanel\domains\shtorm\catalog\view\theme\journal3\template\journal3\module\main_menu.tpl on line 61
2020-11-15 18:42:39 - PHP Notice:  Undefined index: label in C:\openserver\OSPanel\domains\shtorm\catalog\view\theme\journal3\template\journal3\module\main_menu.tpl on line 63
2020-11-15 18:42:39 - PHP Notice:  Undefined index: title in C:\openserver\OSPanel\domains\shtorm\catalog\view\theme\journal3\template\journal3\module\main_menu.tpl on line 61
2020-11-15 18:42:39 - PHP Notice:  Undefined index: label in C:\openserver\OSPanel\domains\shtorm\catalog\view\theme\journal3\template\journal3\module\main_menu.tpl on line 63
2020-11-15 18:42:39 - PHP Notice:  Undefined index: title in C:\openserver\OSPanel\domains\shtorm\catalog\view\theme\journal3\template\journal3\module\main_menu.tpl on line 97
2020-11-15 18:42:39 - PHP Notice:  Undefined index: label in C:\openserver\OSPanel\domains\shtorm\catalog\view\theme\journal3\template\journal3\module\main_menu.tpl on line 98
2020-11-15 18:42:39 - PHP Notice:  Undefined index: title in C:\openserver\OSPanel\domains\shtorm\catalog\view\theme\journal3\template\journal3\module\main_menu.tpl on line 97
2020-11-15 18:42:39 - PHP Notice:  Undefined index: label in C:\openserver\OSPanel\domains\shtorm\catalog\view\theme\journal3\template\journal3\module\main_menu.tpl on line 98
2020-11-15 18:42:39 - PHP Notice:  Undefined index: title in C:\openserver\OSPanel\domains\shtorm\catalog\view\theme\journal3\template\journal3\module\main_menu.tpl on line 97
2020-11-15 18:42:39 - PHP Notice:  Undefined index: label in C:\openserver\OSPanel\domains\shtorm\catalog\view\theme\journal3\template\journal3\module\main_menu.tpl on line 98
2020-11-15 18:42:39 - PHP Notice:  Undefined index: title in C:\openserver\OSPanel\domains\shtorm\catalog\view\theme\journal3\template\journal3\module\main_menu.tpl on line 97
2020-11-15 18:42:39 - PHP Notice:  Undefined index: label in C:\openserver\OSPanel\domains\shtorm\catalog\view\theme\journal3\template\journal3\module\main_menu.tpl on line 98
2020-11-15 18:42:39 - PHP Notice:  Undefined index: title in C:\openserver\OSPanel\domains\shtorm\catalog\view\theme\journal3\template\journal3\module\main_menu.tpl on line 90
2020-11-15 18:42:39 - PHP Notice:  Undefined index: label in C:\openserver\OSPanel\domains\shtorm\catalog\view\theme\journal3\template\journal3\module\main_menu.tpl on line 91
2020-11-15 18:42:39 - PHP Notice:  Undefined index: title in C:\openserver\OSPanel\domains\shtorm\catalog\view\theme\journal3\template\journal3\module\main_menu.tpl on line 90
2020-11-15 18:42:39 - PHP Notice:  Undefined index: label in C:\openserver\OSPanel\domains\shtorm\catalog\view\theme\journal3\template\journal3\module\main_menu.tpl on line 91
2020-11-15 18:55:35 - PHP Notice:  Undefined index: text in C:\openserver\OSPanel\domains\shtorm\catalog\view\theme\journal3\template\journal3\module\blocks.tpl on line 13
2020-11-15 18:55:35 - PHP Notice:  Undefined index: title in C:\openserver\OSPanel\domains\shtorm\catalog\view\theme\journal3\template\journal3\module\info_blocks.tpl on line 11
2020-11-15 18:55:35 - PHP Notice:  Undefined index: content in C:\openserver\OSPanel\domains\shtorm\catalog\view\theme\journal3\template\journal3\module\info_blocks.tpl on line 12
2020-11-15 18:55:35 - PHP Notice:  Undefined index: placeholder in C:\openserver\OSPanel\domains\shtorm\catalog\controller\journal3\form.php on line 99
2020-11-15 18:55:35 - PHP Notice:  Undefined index: placeholder in C:\openserver\OSPanel\domains\shtorm\catalog\controller\journal3\form.php on line 99
2020-11-15 18:55:35 - PHP Notice:  Undefined index: placeholder in C:\openserver\OSPanel\domains\shtorm\catalog\controller\journal3\form.php on line 99
2020-11-15 18:55:36 - PHP Notice:  Undefined index: title in C:\openserver\OSPanel\domains\shtorm\catalog\view\theme\journal3\template\journal3\module\main_menu.tpl on line 61
2020-11-15 18:55:36 - PHP Notice:  Undefined index: label in C:\openserver\OSPanel\domains\shtorm\catalog\view\theme\journal3\template\journal3\module\main_menu.tpl on line 63
2020-11-15 18:55:36 - PHP Notice:  Undefined index: title in C:\openserver\OSPanel\domains\shtorm\catalog\view\theme\journal3\template\journal3\module\main_menu.tpl on line 61
2020-11-15 18:55:36 - PHP Notice:  Undefined index: label in C:\openserver\OSPanel\domains\shtorm\catalog\view\theme\journal3\template\journal3\module\main_menu.tpl on line 63
2020-11-15 18:55:36 - PHP Notice:  Undefined index: title in C:\openserver\OSPanel\domains\shtorm\catalog\view\theme\journal3\template\journal3\module\main_menu.tpl on line 61
2020-11-15 18:55:36 - PHP Notice:  Undefined index: label in C:\openserver\OSPanel\domains\shtorm\catalog\view\theme\journal3\template\journal3\module\main_menu.tpl on line 63
2020-11-15 18:55:36 - PHP Notice:  Undefined index: title in C:\openserver\OSPanel\domains\shtorm\catalog\view\theme\journal3\template\journal3\module\main_menu.tpl on line 61
2020-11-15 18:55:36 - PHP Notice:  Undefined index: label in C:\openserver\OSPanel\domains\shtorm\catalog\view\theme\journal3\template\journal3\module\main_menu.tpl on line 63
2020-11-15 18:55:36 - PHP Notice:  Undefined index: title in C:\openserver\OSPanel\domains\shtorm\catalog\view\theme\journal3\template\journal3\module\main_menu.tpl on line 61
2020-11-15 18:55:36 - PHP Notice:  Undefined index: label in C:\openserver\OSPanel\domains\shtorm\catalog\view\theme\journal3\template\journal3\module\main_menu.tpl on line 63
2020-11-15 18:55:36 - PHP Notice:  Undefined index: title in C:\openserver\OSPanel\domains\shtorm\catalog\view\theme\journal3\template\journal3\module\main_menu.tpl on line 61
2020-11-15 18:55:36 - PHP Notice:  Undefined index: label in C:\openserver\OSPanel\domains\shtorm\catalog\view\theme\journal3\template\journal3\module\main_menu.tpl on line 63
2020-11-15 18:55:36 - PHP Notice:  Undefined index: title in C:\openserver\OSPanel\domains\shtorm\catalog\view\theme\journal3\template\journal3\module\main_menu.tpl on line 61
2020-11-15 18:55:36 - PHP Notice:  Undefined index: label in C:\openserver\OSPanel\domains\shtorm\catalog\view\theme\journal3\template\journal3\module\main_menu.tpl on line 63
2020-11-15 18:55:36 - PHP Notice:  Undefined index: title in C:\openserver\OSPanel\domains\shtorm\catalog\view\theme\journal3\template\journal3\module\main_menu.tpl on line 61
2020-11-15 18:55:36 - PHP Notice:  Undefined index: label in C:\openserver\OSPanel\domains\shtorm\catalog\view\theme\journal3\template\journal3\module\main_menu.tpl on line 63
2020-11-15 18:55:36 - PHP Notice:  Undefined index: title in C:\openserver\OSPanel\domains\shtorm\catalog\view\theme\journal3\template\journal3\module\main_menu.tpl on line 97
2020-11-15 18:55:36 - PHP Notice:  Undefined index: label in C:\openserver\OSPanel\domains\shtorm\catalog\view\theme\journal3\template\journal3\module\main_menu.tpl on line 98
2020-11-15 18:55:36 - PHP Notice:  Undefined index: title in C:\openserver\OSPanel\domains\shtorm\catalog\view\theme\journal3\template\journal3\module\main_menu.tpl on line 97
2020-11-15 18:55:36 - PHP Notice:  Undefined index: label in C:\openserver\OSPanel\domains\shtorm\catalog\view\theme\journal3\template\journal3\module\main_menu.tpl on line 98
2020-11-15 18:55:36 - PHP Notice:  Undefined index: title in C:\openserver\OSPanel\domains\shtorm\catalog\view\theme\journal3\template\journal3\module\main_menu.tpl on line 97
2020-11-15 18:55:36 - PHP Notice:  Undefined index: label in C:\openserver\OSPanel\domains\shtorm\catalog\view\theme\journal3\template\journal3\module\main_menu.tpl on line 98
2020-11-15 18:55:36 - PHP Notice:  Undefined index: title in C:\openserver\OSPanel\domains\shtorm\catalog\view\theme\journal3\template\journal3\module\main_menu.tpl on line 97
2020-11-15 18:55:36 - PHP Notice:  Undefined index: label in C:\openserver\OSPanel\domains\shtorm\catalog\view\theme\journal3\template\journal3\module\main_menu.tpl on line 98
2020-11-15 18:55:36 - PHP Notice:  Undefined index: title in C:\openserver\OSPanel\domains\shtorm\catalog\view\theme\journal3\template\journal3\module\main_menu.tpl on line 90
2020-11-15 18:55:36 - PHP Notice:  Undefined index: label in C:\openserver\OSPanel\domains\shtorm\catalog\view\theme\journal3\template\journal3\module\main_menu.tpl on line 91
2020-11-15 18:55:36 - PHP Notice:  Undefined index: title in C:\openserver\OSPanel\domains\shtorm\catalog\view\theme\journal3\template\journal3\module\main_menu.tpl on line 90
2020-11-15 18:55:36 - PHP Notice:  Undefined index: label in C:\openserver\OSPanel\domains\shtorm\catalog\view\theme\journal3\template\journal3\module\main_menu.tpl on line 91
2020-11-15 19:01:12 - PHP Notice:  Undefined index: text in C:\openserver\OSPanel\domains\shtorm\catalog\view\theme\journal3\template\journal3\module\blocks.tpl on line 13
2020-11-15 19:01:12 - PHP Notice:  Undefined index: title in C:\openserver\OSPanel\domains\shtorm\catalog\view\theme\journal3\template\journal3\module\info_blocks.tpl on line 11
2020-11-15 19:01:12 - PHP Notice:  Undefined index: content in C:\openserver\OSPanel\domains\shtorm\catalog\view\theme\journal3\template\journal3\module\info_blocks.tpl on line 12
2020-11-15 19:01:12 - PHP Notice:  Undefined index: placeholder in C:\openserver\OSPanel\domains\shtorm\catalog\controller\journal3\form.php on line 99
2020-11-15 19:01:12 - PHP Notice:  Undefined index: placeholder in C:\openserver\OSPanel\domains\shtorm\catalog\controller\journal3\form.php on line 99
2020-11-15 19:01:12 - PHP Notice:  Undefined index: placeholder in C:\openserver\OSPanel\domains\shtorm\catalog\controller\journal3\form.php on line 99
2020-11-15 19:01:13 - PHP Notice:  Undefined index: title in C:\openserver\OSPanel\domains\shtorm\catalog\view\theme\journal3\template\journal3\module\main_menu.tpl on line 61
2020-11-15 19:01:13 - PHP Notice:  Undefined index: label in C:\openserver\OSPanel\domains\shtorm\catalog\view\theme\journal3\template\journal3\module\main_menu.tpl on line 63
2020-11-15 19:01:13 - PHP Notice:  Undefined index: title in C:\openserver\OSPanel\domains\shtorm\catalog\view\theme\journal3\template\journal3\module\main_menu.tpl on line 61
2020-11-15 19:01:13 - PHP Notice:  Undefined index: label in C:\openserver\OSPanel\domains\shtorm\catalog\view\theme\journal3\template\journal3\module\main_menu.tpl on line 63
2020-11-15 19:01:13 - PHP Notice:  Undefined index: title in C:\openserver\OSPanel\domains\shtorm\catalog\view\theme\journal3\template\journal3\module\main_menu.tpl on line 61
2020-11-15 19:01:13 - PHP Notice:  Undefined index: label in C:\openserver\OSPanel\domains\shtorm\catalog\view\theme\journal3\template\journal3\module\main_menu.tpl on line 63
2020-11-15 19:01:13 - PHP Notice:  Undefined index: title in C:\openserver\OSPanel\domains\shtorm\catalog\view\theme\journal3\template\journal3\module\main_menu.tpl on line 61
2020-11-15 19:01:13 - PHP Notice:  Undefined index: label in C:\openserver\OSPanel\domains\shtorm\catalog\view\theme\journal3\template\journal3\module\main_menu.tpl on line 63
2020-11-15 19:01:13 - PHP Notice:  Undefined index: title in C:\openserver\OSPanel\domains\shtorm\catalog\view\theme\journal3\template\journal3\module\main_menu.tpl on line 61
2020-11-15 19:01:13 - PHP Notice:  Undefined index: label in C:\openserver\OSPanel\domains\shtorm\catalog\view\theme\journal3\template\journal3\module\main_menu.tpl on line 63
2020-11-15 19:01:13 - PHP Notice:  Undefined index: title in C:\openserver\OSPanel\domains\shtorm\catalog\view\theme\journal3\template\journal3\module\main_menu.tpl on line 61
2020-11-15 19:01:13 - PHP Notice:  Undefined index: label in C:\openserver\OSPanel\domains\shtorm\catalog\view\theme\journal3\template\journal3\module\main_menu.tpl on line 63
2020-11-15 19:01:13 - PHP Notice:  Undefined index: title in C:\openserver\OSPanel\domains\shtorm\catalog\view\theme\journal3\template\journal3\module\main_menu.tpl on line 61
2020-11-15 19:01:13 - PHP Notice:  Undefined index: label in C:\openserver\OSPanel\domains\shtorm\catalog\view\theme\journal3\template\journal3\module\main_menu.tpl on line 63
2020-11-15 19:01:13 - PHP Notice:  Undefined index: title in C:\openserver\OSPanel\domains\shtorm\catalog\view\theme\journal3\template\journal3\module\main_menu.tpl on line 61
2020-11-15 19:01:13 - PHP Notice:  Undefined index: label in C:\openserver\OSPanel\domains\shtorm\catalog\view\theme\journal3\template\journal3\module\main_menu.tpl on line 63
2020-11-15 19:01:13 - PHP Notice:  Undefined index: title in C:\openserver\OSPanel\domains\shtorm\catalog\view\theme\journal3\template\journal3\module\main_menu.tpl on line 97
2020-11-15 19:01:13 - PHP Notice:  Undefined index: label in C:\openserver\OSPanel\domains\shtorm\catalog\view\theme\journal3\template\journal3\module\main_menu.tpl on line 98
2020-11-15 19:01:13 - PHP Notice:  Undefined index: title in C:\openserver\OSPanel\domains\shtorm\catalog\view\theme\journal3\template\journal3\module\main_menu.tpl on line 97
2020-11-15 19:01:13 - PHP Notice:  Undefined index: label in C:\openserver\OSPanel\domains\shtorm\catalog\view\theme\journal3\template\journal3\module\main_menu.tpl on line 98
2020-11-15 19:01:13 - PHP Notice:  Undefined index: title in C:\openserver\OSPanel\domains\shtorm\catalog\view\theme\journal3\template\journal3\module\main_menu.tpl on line 97
2020-11-15 19:01:13 - PHP Notice:  Undefined index: label in C:\openserver\OSPanel\domains\shtorm\catalog\view\theme\journal3\template\journal3\module\main_menu.tpl on line 98
2020-11-15 19:01:13 - PHP Notice:  Undefined index: title in C:\openserver\OSPanel\domains\shtorm\catalog\view\theme\journal3\template\journal3\module\main_menu.tpl on line 97
2020-11-15 19:01:13 - PHP Notice:  Undefined index: label in C:\openserver\OSPanel\domains\shtorm\catalog\view\theme\journal3\template\journal3\module\main_menu.tpl on line 98
2020-11-15 19:01:13 - PHP Notice:  Undefined index: title in C:\openserver\OSPanel\domains\shtorm\catalog\view\theme\journal3\template\journal3\module\main_menu.tpl on line 90
2020-11-15 19:01:13 - PHP Notice:  Undefined index: label in C:\openserver\OSPanel\domains\shtorm\catalog\view\theme\journal3\template\journal3\module\main_menu.tpl on line 91
2020-11-15 19:01:13 - PHP Notice:  Undefined index: title in C:\openserver\OSPanel\domains\shtorm\catalog\view\theme\journal3\template\journal3\module\main_menu.tpl on line 90
2020-11-15 19:01:13 - PHP Notice:  Undefined index: label in C:\openserver\OSPanel\domains\shtorm\catalog\view\theme\journal3\template\journal3\module\main_menu.tpl on line 91
2020-11-15 19:10:04 - PHP Notice:  Undefined index: text in C:\openserver\OSPanel\domains\shtorm\catalog\view\theme\journal3\template\journal3\module\blocks.tpl on line 13
2020-11-15 19:10:04 - PHP Notice:  Undefined index: title in C:\openserver\OSPanel\domains\shtorm\catalog\view\theme\journal3\template\journal3\module\info_blocks.tpl on line 11
2020-11-15 19:10:04 - PHP Notice:  Undefined index: content in C:\openserver\OSPanel\domains\shtorm\catalog\view\theme\journal3\template\journal3\module\info_blocks.tpl on line 12
2020-11-15 19:10:04 - PHP Notice:  Undefined index: placeholder in C:\openserver\OSPanel\domains\shtorm\catalog\controller\journal3\form.php on line 99
2020-11-15 19:10:04 - PHP Notice:  Undefined index: placeholder in C:\openserver\OSPanel\domains\shtorm\catalog\controller\journal3\form.php on line 99
2020-11-15 19:10:04 - PHP Notice:  Undefined index: placeholder in C:\openserver\OSPanel\domains\shtorm\catalog\controller\journal3\form.php on line 99
2020-11-15 19:10:05 - PHP Notice:  Undefined index: title in C:\openserver\OSPanel\domains\shtorm\catalog\view\theme\journal3\template\journal3\module\main_menu.tpl on line 61
2020-11-15 19:10:05 - PHP Notice:  Undefined index: label in C:\openserver\OSPanel\domains\shtorm\catalog\view\theme\journal3\template\journal3\module\main_menu.tpl on line 63
2020-11-15 19:10:05 - PHP Notice:  Undefined index: title in C:\openserver\OSPanel\domains\shtorm\catalog\view\theme\journal3\template\journal3\module\main_menu.tpl on line 61
2020-11-15 19:10:05 - PHP Notice:  Undefined index: label in C:\openserver\OSPanel\domains\shtorm\catalog\view\theme\journal3\template\journal3\module\main_menu.tpl on line 63
2020-11-15 19:10:05 - PHP Notice:  Undefined index: title in C:\openserver\OSPanel\domains\shtorm\catalog\view\theme\journal3\template\journal3\module\main_menu.tpl on line 61
2020-11-15 19:10:05 - PHP Notice:  Undefined index: label in C:\openserver\OSPanel\domains\shtorm\catalog\view\theme\journal3\template\journal3\module\main_menu.tpl on line 63
2020-11-15 19:10:05 - PHP Notice:  Undefined index: title in C:\openserver\OSPanel\domains\shtorm\catalog\view\theme\journal3\template\journal3\module\main_menu.tpl on line 61
2020-11-15 19:10:05 - PHP Notice:  Undefined index: label in C:\openserver\OSPanel\domains\shtorm\catalog\view\theme\journal3\template\journal3\module\main_menu.tpl on line 63
2020-11-15 19:10:05 - PHP Notice:  Undefined index: title in C:\openserver\OSPanel\domains\shtorm\catalog\view\theme\journal3\template\journal3\module\main_menu.tpl on line 61
2020-11-15 19:10:05 - PHP Notice:  Undefined index: label in C:\openserver\OSPanel\domains\shtorm\catalog\view\theme\journal3\template\journal3\module\main_menu.tpl on line 63
2020-11-15 19:10:05 - PHP Notice:  Undefined index: title in C:\openserver\OSPanel\domains\shtorm\catalog\view\theme\journal3\template\journal3\module\main_menu.tpl on line 61
2020-11-15 19:10:05 - PHP Notice:  Undefined index: label in C:\openserver\OSPanel\domains\shtorm\catalog\view\theme\journal3\template\journal3\module\main_menu.tpl on line 63
2020-11-15 19:10:05 - PHP Notice:  Undefined index: title in C:\openserver\OSPanel\domains\shtorm\catalog\view\theme\journal3\template\journal3\module\main_menu.tpl on line 61
2020-11-15 19:10:05 - PHP Notice:  Undefined index: label in C:\openserver\OSPanel\domains\shtorm\catalog\view\theme\journal3\template\journal3\module\main_menu.tpl on line 63
2020-11-15 19:10:05 - PHP Notice:  Undefined index: title in C:\openserver\OSPanel\domains\shtorm\catalog\view\theme\journal3\template\journal3\module\main_menu.tpl on line 61
2020-11-15 19:10:05 - PHP Notice:  Undefined index: label in C:\openserver\OSPanel\domains\shtorm\catalog\view\theme\journal3\template\journal3\module\main_menu.tpl on line 63
2020-11-15 19:10:05 - PHP Notice:  Undefined index: title in C:\openserver\OSPanel\domains\shtorm\catalog\view\theme\journal3\template\journal3\module\main_menu.tpl on line 97
2020-11-15 19:10:05 - PHP Notice:  Undefined index: label in C:\openserver\OSPanel\domains\shtorm\catalog\view\theme\journal3\template\journal3\module\main_menu.tpl on line 98
2020-11-15 19:10:05 - PHP Notice:  Undefined index: title in C:\openserver\OSPanel\domains\shtorm\catalog\view\theme\journal3\template\journal3\module\main_menu.tpl on line 97
2020-11-15 19:10:05 - PHP Notice:  Undefined index: label in C:\openserver\OSPanel\domains\shtorm\catalog\view\theme\journal3\template\journal3\module\main_menu.tpl on line 98
2020-11-15 19:10:05 - PHP Notice:  Undefined index: title in C:\openserver\OSPanel\domains\shtorm\catalog\view\theme\journal3\template\journal3\module\main_menu.tpl on line 97
2020-11-15 19:10:05 - PHP Notice:  Undefined index: label in C:\openserver\OSPanel\domains\shtorm\catalog\view\theme\journal3\template\journal3\module\main_menu.tpl on line 98
2020-11-15 19:10:05 - PHP Notice:  Undefined index: title in C:\openserver\OSPanel\domains\shtorm\catalog\view\theme\journal3\template\journal3\module\main_menu.tpl on line 97
2020-11-15 19:10:05 - PHP Notice:  Undefined index: label in C:\openserver\OSPanel\domains\shtorm\catalog\view\theme\journal3\template\journal3\module\main_menu.tpl on line 98
2020-11-15 19:10:05 - PHP Notice:  Undefined index: title in C:\openserver\OSPanel\domains\shtorm\catalog\view\theme\journal3\template\journal3\module\main_menu.tpl on line 90
2020-11-15 19:10:05 - PHP Notice:  Undefined index: label in C:\openserver\OSPanel\domains\shtorm\catalog\view\theme\journal3\template\journal3\module\main_menu.tpl on line 91
2020-11-15 19:10:05 - PHP Notice:  Undefined index: title in C:\openserver\OSPanel\domains\shtorm\catalog\view\theme\journal3\template\journal3\module\main_menu.tpl on line 90
2020-11-15 19:10:05 - PHP Notice:  Undefined index: label in C:\openserver\OSPanel\domains\shtorm\catalog\view\theme\journal3\template\journal3\module\main_menu.tpl on line 91
2020-11-15 19:17:27 - PHP Notice:  Undefined index: text in C:\openserver\OSPanel\domains\shtorm\catalog\view\theme\journal3\template\journal3\module\blocks.tpl on line 13
2020-11-15 19:17:27 - PHP Notice:  Undefined index: title in C:\openserver\OSPanel\domains\shtorm\catalog\view\theme\journal3\template\journal3\module\info_blocks.tpl on line 11
2020-11-15 19:17:27 - PHP Notice:  Undefined index: content in C:\openserver\OSPanel\domains\shtorm\catalog\view\theme\journal3\template\journal3\module\info_blocks.tpl on line 12
2020-11-15 19:17:27 - PHP Notice:  Undefined index: placeholder in C:\openserver\OSPanel\domains\shtorm\catalog\controller\journal3\form.php on line 99
2020-11-15 19:17:27 - PHP Notice:  Undefined index: placeholder in C:\openserver\OSPanel\domains\shtorm\catalog\controller\journal3\form.php on line 99
2020-11-15 19:17:27 - PHP Notice:  Undefined index: placeholder in C:\openserver\OSPanel\domains\shtorm\catalog\controller\journal3\form.php on line 99
2020-11-15 19:17:27 - PHP Notice:  Undefined index: title in C:\openserver\OSPanel\domains\shtorm\catalog\view\theme\journal3\template\journal3\module\main_menu.tpl on line 61
2020-11-15 19:17:27 - PHP Notice:  Undefined index: label in C:\openserver\OSPanel\domains\shtorm\catalog\view\theme\journal3\template\journal3\module\main_menu.tpl on line 63
2020-11-15 19:17:27 - PHP Notice:  Undefined index: title in C:\openserver\OSPanel\domains\shtorm\catalog\view\theme\journal3\template\journal3\module\main_menu.tpl on line 61
2020-11-15 19:17:27 - PHP Notice:  Undefined index: label in C:\openserver\OSPanel\domains\shtorm\catalog\view\theme\journal3\template\journal3\module\main_menu.tpl on line 63
2020-11-15 19:17:27 - PHP Notice:  Undefined index: title in C:\openserver\OSPanel\domains\shtorm\catalog\view\theme\journal3\template\journal3\module\main_menu.tpl on line 61
2020-11-15 19:17:27 - PHP Notice:  Undefined index: label in C:\openserver\OSPanel\domains\shtorm\catalog\view\theme\journal3\template\journal3\module\main_menu.tpl on line 63
2020-11-15 19:17:27 - PHP Notice:  Undefined index: title in C:\openserver\OSPanel\domains\shtorm\catalog\view\theme\journal3\template\journal3\module\main_menu.tpl on line 61
2020-11-15 19:17:27 - PHP Notice:  Undefined index: label in C:\openserver\OSPanel\domains\shtorm\catalog\view\theme\journal3\template\journal3\module\main_menu.tpl on line 63
2020-11-15 19:17:27 - PHP Notice:  Undefined index: title in C:\openserver\OSPanel\domains\shtorm\catalog\view\theme\journal3\template\journal3\module\main_menu.tpl on line 61
2020-11-15 19:17:27 - PHP Notice:  Undefined index: label in C:\openserver\OSPanel\domains\shtorm\catalog\view\theme\journal3\template\journal3\module\main_menu.tpl on line 63
2020-11-15 19:17:27 - PHP Notice:  Undefined index: title in C:\openserver\OSPanel\domains\shtorm\catalog\view\theme\journal3\template\journal3\module\main_menu.tpl on line 61
2020-11-15 19:17:27 - PHP Notice:  Undefined index: label in C:\openserver\OSPanel\domains\shtorm\catalog\view\theme\journal3\template\journal3\module\main_menu.tpl on line 63
2020-11-15 19:17:27 - PHP Notice:  Undefined index: title in C:\openserver\OSPanel\domains\shtorm\catalog\view\theme\journal3\template\journal3\module\main_menu.tpl on line 61
2020-11-15 19:17:27 - PHP Notice:  Undefined index: label in C:\openserver\OSPanel\domains\shtorm\catalog\view\theme\journal3\template\journal3\module\main_menu.tpl on line 63
2020-11-15 19:17:27 - PHP Notice:  Undefined index: title in C:\openserver\OSPanel\domains\shtorm\catalog\view\theme\journal3\template\journal3\module\main_menu.tpl on line 61
2020-11-15 19:17:27 - PHP Notice:  Undefined index: label in C:\openserver\OSPanel\domains\shtorm\catalog\view\theme\journal3\template\journal3\module\main_menu.tpl on line 63
2020-11-15 19:17:27 - PHP Notice:  Undefined index: title in C:\openserver\OSPanel\domains\shtorm\catalog\view\theme\journal3\template\journal3\module\main_menu.tpl on line 97
2020-11-15 19:17:27 - PHP Notice:  Undefined index: label in C:\openserver\OSPanel\domains\shtorm\catalog\view\theme\journal3\template\journal3\module\main_menu.tpl on line 98
2020-11-15 19:17:27 - PHP Notice:  Undefined index: title in C:\openserver\OSPanel\domains\shtorm\catalog\view\theme\journal3\template\journal3\module\main_menu.tpl on line 97
2020-11-15 19:17:27 - PHP Notice:  Undefined index: label in C:\openserver\OSPanel\domains\shtorm\catalog\view\theme\journal3\template\journal3\module\main_menu.tpl on line 98
2020-11-15 19:17:27 - PHP Notice:  Undefined index: title in C:\openserver\OSPanel\domains\shtorm\catalog\view\theme\journal3\template\journal3\module\main_menu.tpl on line 97
2020-11-15 19:17:27 - PHP Notice:  Undefined index: label in C:\openserver\OSPanel\domains\shtorm\catalog\view\theme\journal3\template\journal3\module\main_menu.tpl on line 98
2020-11-15 19:17:27 - PHP Notice:  Undefined index: title in C:\openserver\OSPanel\domains\shtorm\catalog\view\theme\journal3\template\journal3\module\main_menu.tpl on line 97
2020-11-15 19:17:27 - PHP Notice:  Undefined index: label in C:\openserver\OSPanel\domains\shtorm\catalog\view\theme\journal3\template\journal3\module\main_menu.tpl on line 98
2020-11-15 19:17:27 - PHP Notice:  Undefined index: title in C:\openserver\OSPanel\domains\shtorm\catalog\view\theme\journal3\template\journal3\module\main_menu.tpl on line 90
2020-11-15 19:17:27 - PHP Notice:  Undefined index: label in C:\openserver\OSPanel\domains\shtorm\catalog\view\theme\journal3\template\journal3\module\main_menu.tpl on line 91
2020-11-15 19:17:27 - PHP Notice:  Undefined index: title in C:\openserver\OSPanel\domains\shtorm\catalog\view\theme\journal3\template\journal3\module\main_menu.tpl on line 90
2020-11-15 19:17:27 - PHP Notice:  Undefined index: label in C:\openserver\OSPanel\domains\shtorm\catalog\view\theme\journal3\template\journal3\module\main_menu.tpl on line 91
2020-11-15 19:22:34 - PHP Notice:  Undefined index: text in C:\openserver\OSPanel\domains\shtorm\catalog\view\theme\journal3\template\journal3\module\blocks.tpl on line 13
2020-11-15 19:22:34 - PHP Notice:  Undefined index: title in C:\openserver\OSPanel\domains\shtorm\catalog\view\theme\journal3\template\journal3\module\info_blocks.tpl on line 11
2020-11-15 19:22:34 - PHP Notice:  Undefined index: content in C:\openserver\OSPanel\domains\shtorm\catalog\view\theme\journal3\template\journal3\module\info_blocks.tpl on line 12
2020-11-15 19:22:34 - PHP Notice:  Undefined index: placeholder in C:\openserver\OSPanel\domains\shtorm\catalog\controller\journal3\form.php on line 99
2020-11-15 19:22:34 - PHP Notice:  Undefined index: placeholder in C:\openserver\OSPanel\domains\shtorm\catalog\controller\journal3\form.php on line 99
2020-11-15 19:22:34 - PHP Notice:  Undefined index: placeholder in C:\openserver\OSPanel\domains\shtorm\catalog\controller\journal3\form.php on line 99
2020-11-15 19:22:51 - PHP Notice:  Undefined index: text in C:\openserver\OSPanel\domains\shtorm\catalog\view\theme\journal3\template\journal3\module\blocks.tpl on line 13
2020-11-15 19:22:51 - PHP Notice:  Undefined index: title in C:\openserver\OSPanel\domains\shtorm\catalog\view\theme\journal3\template\journal3\module\info_blocks.tpl on line 11
2020-11-15 19:22:51 - PHP Notice:  Undefined index: content in C:\openserver\OSPanel\domains\shtorm\catalog\view\theme\journal3\template\journal3\module\info_blocks.tpl on line 12
2020-11-15 19:22:51 - PHP Notice:  Undefined index: placeholder in C:\openserver\OSPanel\domains\shtorm\catalog\controller\journal3\form.php on line 99
2020-11-15 19:22:51 - PHP Notice:  Undefined index: placeholder in C:\openserver\OSPanel\domains\shtorm\catalog\controller\journal3\form.php on line 99
2020-11-15 19:22:51 - PHP Notice:  Undefined index: placeholder in C:\openserver\OSPanel\domains\shtorm\catalog\controller\journal3\form.php on line 99
2020-11-15 19:27:01 - PHP Notice:  Undefined index: alt in C:\openserver\OSPanel\domains\shtorm\catalog\view\theme\journal3\template\journal3\module\master_slider.tpl on line 25
2020-11-15 19:27:02 - PHP Notice:  Array to string conversion in C:\openserver\OSPanel\domains\shtorm\catalog\view\theme\journal3\template\common\header.tpl on line 17
2020-11-15 19:27:02 - PHP Notice:  Array to string conversion in C:\openserver\OSPanel\domains\shtorm\catalog\view\theme\journal3\template\common\header.tpl on line 20
2020-11-15 19:27:02 - PHP Notice:  Array to string conversion in C:\openserver\OSPanel\domains\shtorm\catalog\view\theme\journal3\template\common\header.tpl on line 23
2020-11-15 20:21:43 - PHP Notice:  Undefined index: alt in C:\openserver\OSPanel\domains\shtorm\catalog\view\theme\journal3\template\journal3\module\master_slider.tpl on line 25
2020-11-15 20:21:46 - PHP Notice:  Array to string conversion in C:\openserver\OSPanel\domains\shtorm\catalog\view\theme\journal3\template\common\header.tpl on line 17
2020-11-15 20:21:46 - PHP Notice:  Array to string conversion in C:\openserver\OSPanel\domains\shtorm\catalog\view\theme\journal3\template\common\header.tpl on line 20
2020-11-15 20:21:46 - PHP Notice:  Array to string conversion in C:\openserver\OSPanel\domains\shtorm\catalog\view\theme\journal3\template\common\header.tpl on line 23
2020-11-15 22:46:35 - PHP Notice:  Undefined index: title in C:\openserver\OSPanel\domains\shtorm\catalog\view\theme\journal3\template\journal3\module\main_menu.tpl on line 28
2020-11-15 22:46:35 - PHP Notice:  Undefined index: title in C:\openserver\OSPanel\domains\shtorm\catalog\view\theme\journal3\template\journal3\module\main_menu.tpl on line 28
2020-11-15 22:46:35 - PHP Notice:  Undefined index: title in C:\openserver\OSPanel\domains\shtorm\catalog\view\theme\journal3\template\journal3\module\main_menu.tpl on line 28
2020-11-15 22:46:35 - PHP Notice:  Undefined index: title in C:\openserver\OSPanel\domains\shtorm\catalog\view\theme\journal3\template\journal3\module\main_menu.tpl on line 28
2020-11-15 22:46:36 - PHP Notice:  Array to string conversion in C:\openserver\OSPanel\domains\shtorm\catalog\view\theme\journal3\template\common\header.tpl on line 17
2020-11-15 22:46:36 - PHP Notice:  Array to string conversion in C:\openserver\OSPanel\domains\shtorm\catalog\view\theme\journal3\template\common\header.tpl on line 20
2020-11-15 22:46:36 - PHP Notice:  Array to string conversion in C:\openserver\OSPanel\domains\shtorm\catalog\view\theme\journal3\template\common\header.tpl on line 23
2020-11-16 22:21:02 - PHP Notice:  Undefined index: alt in C:\openserver\OSPanel\domains\shtorm\catalog\view\theme\journal3\template\journal3\module\master_slider.tpl on line 25
2020-11-16 22:21:07 - PHP Notice:  Array to string conversion in C:\openserver\OSPanel\domains\shtorm\catalog\view\theme\journal3\template\common\header.tpl on line 17
2020-11-16 22:21:07 - PHP Notice:  Array to string conversion in C:\openserver\OSPanel\domains\shtorm\catalog\view\theme\journal3\template\common\header.tpl on line 20
2020-11-16 22:21:07 - PHP Notice:  Array to string conversion in C:\openserver\OSPanel\domains\shtorm\catalog\view\theme\journal3\template\common\header.tpl on line 23
2020-11-16 22:21:34 - PHP Notice:  Undefined index: text in C:\openserver\OSPanel\domains\shtorm\catalog\view\theme\journal3\template\journal3\module\blocks.tpl on line 13
2020-11-16 22:21:34 - PHP Notice:  Undefined index: title in C:\openserver\OSPanel\domains\shtorm\catalog\view\theme\journal3\template\journal3\module\info_blocks.tpl on line 11
2020-11-16 22:21:34 - PHP Notice:  Undefined index: content in C:\openserver\OSPanel\domains\shtorm\catalog\view\theme\journal3\template\journal3\module\info_blocks.tpl on line 12
2020-11-16 22:21:34 - PHP Notice:  Undefined index: placeholder in C:\openserver\OSPanel\domains\shtorm\catalog\controller\journal3\form.php on line 99
2020-11-16 22:21:34 - PHP Notice:  Undefined index: placeholder in C:\openserver\OSPanel\domains\shtorm\catalog\controller\journal3\form.php on line 99
2020-11-16 22:21:34 - PHP Notice:  Undefined index: placeholder in C:\openserver\OSPanel\domains\shtorm\catalog\controller\journal3\form.php on line 99
2020-11-16 22:25:04 - PHP Notice:  Undefined index: alt in C:\openserver\OSPanel\domains\shtorm\catalog\view\theme\journal3\template\journal3\module\master_slider.tpl on line 25
2020-11-16 22:25:05 - PHP Notice:  Array to string conversion in C:\openserver\OSPanel\domains\shtorm\catalog\view\theme\journal3\template\common\header.tpl on line 17
2020-11-16 22:25:05 - PHP Notice:  Array to string conversion in C:\openserver\OSPanel\domains\shtorm\catalog\view\theme\journal3\template\common\header.tpl on line 20
2020-11-16 22:25:05 - PHP Notice:  Array to string conversion in C:\openserver\OSPanel\domains\shtorm\catalog\view\theme\journal3\template\common\header.tpl on line 23
2020-11-16 22:44:00 - PHP Notice:  Undefined index: alt in C:\openserver\OSPanel\domains\shtorm\catalog\view\theme\journal3\template\journal3\module\master_slider.tpl on line 25
2020-11-16 22:44:01 - PHP Notice:  Array to string conversion in C:\openserver\OSPanel\domains\shtorm\catalog\view\theme\journal3\template\common\header.tpl on line 17
2020-11-16 22:44:01 - PHP Notice:  Array to string conversion in C:\openserver\OSPanel\domains\shtorm\catalog\view\theme\journal3\template\common\header.tpl on line 20
2020-11-16 22:44:01 - PHP Notice:  Array to string conversion in C:\openserver\OSPanel\domains\shtorm\catalog\view\theme\journal3\template\common\header.tpl on line 23
2020-11-16 22:50:13 - PHP Notice:  Array to string conversion in C:\openserver\OSPanel\domains\shtorm\system\storage\modification\admin\view\template\setting\setting.tpl on line 59
2020-11-16 22:50:13 - PHP Notice:  Array to string conversion in C:\openserver\OSPanel\domains\shtorm\system\storage\modification\admin\view\template\setting\setting.tpl on line 83
2020-11-16 22:50:13 - PHP Notice:  Array to string conversion in C:\openserver\OSPanel\domains\shtorm\system\storage\modification\admin\view\template\setting\setting.tpl on line 104
2020-11-16 22:56:59 - PHP Notice:  Array to string conversion in C:\openserver\OSPanel\domains\shtorm\system\storage\modification\admin\view\template\setting\setting.tpl on line 59
2020-11-16 22:56:59 - PHP Notice:  Array to string conversion in C:\openserver\OSPanel\domains\shtorm\system\storage\modification\admin\view\template\setting\setting.tpl on line 83
2020-11-16 22:56:59 - PHP Notice:  Array to string conversion in C:\openserver\OSPanel\domains\shtorm\system\storage\modification\admin\view\template\setting\setting.tpl on line 104
2020-11-16 23:03:43 - PHP Notice:  Undefined index: alt in C:\openserver\OSPanel\domains\shtorm\catalog\view\theme\journal3\template\journal3\module\master_slider.tpl on line 25
2020-11-16 23:09:11 - PHP Notice:  Undefined index: alt in C:\openserver\OSPanel\domains\shtorm\catalog\view\theme\journal3\template\journal3\module\master_slider.tpl on line 25
2020-11-16 23:15:08 - PHP Notice:  Undefined index: alt in C:\openserver\OSPanel\domains\shtorm\catalog\view\theme\journal3\template\journal3\module\master_slider.tpl on line 25
2020-11-16 23:20:39 - PHP Notice:  Undefined index: alt in C:\openserver\OSPanel\domains\shtorm\catalog\view\theme\journal3\template\journal3\module\master_slider.tpl on line 25
2020-11-16 23:22:32 - PHP Notice:  Undefined index: alt in C:\openserver\OSPanel\domains\shtorm\catalog\view\theme\journal3\template\journal3\module\master_slider.tpl on line 25
2020-11-16 23:29:16 - PHP Notice:  Undefined index: alt in C:\openserver\OSPanel\domains\shtorm\catalog\view\theme\journal3\template\journal3\module\master_slider.tpl on line 25
2020-11-17 0:20:07 - PHP Notice:  Undefined index: alt in C:\openserver\OSPanel\domains\shtorm\catalog\view\theme\journal3\template\journal3\module\master_slider.tpl on line 25
2020-11-17 0:23:34 - PHP Notice:  Undefined index: alt in C:\openserver\OSPanel\domains\shtorm\catalog\view\theme\journal3\template\journal3\module\master_slider.tpl on line 25
2020-11-17 0:43:41 - PHP Notice:  Undefined index: title in C:\openserver\OSPanel\domains\shtorm\catalog\view\theme\journal3\template\journal3\module\categories.tpl on line 46
2020-11-17 0:43:41 - PHP Notice:  Undefined index: title in C:\openserver\OSPanel\domains\shtorm\catalog\view\theme\journal3\template\journal3\module\categories.tpl on line 46
2020-11-17 0:43:41 - PHP Notice:  Undefined index: title in C:\openserver\OSPanel\domains\shtorm\catalog\view\theme\journal3\template\journal3\module\categories.tpl on line 46
2020-11-17 0:45:34 - PHP Notice:  Undefined index: title in C:\openserver\OSPanel\domains\shtorm\catalog\view\theme\journal3\template\journal3\module\categories.tpl on line 46
2020-11-17 0:45:34 - PHP Notice:  Undefined index: title in C:\openserver\OSPanel\domains\shtorm\catalog\view\theme\journal3\template\journal3\module\categories.tpl on line 46
2020-11-17 0:45:34 - PHP Notice:  Undefined index: title in C:\openserver\OSPanel\domains\shtorm\catalog\view\theme\journal3\template\journal3\module\categories.tpl on line 46
2020-11-17 0:46:19 - PHP Notice:  Undefined index: title in C:\openserver\OSPanel\domains\shtorm\catalog\view\theme\journal3\template\journal3\module\categories.tpl on line 46
2020-11-17 0:46:19 - PHP Notice:  Undefined index: title in C:\openserver\OSPanel\domains\shtorm\catalog\view\theme\journal3\template\journal3\module\categories.tpl on line 46
2020-11-17 0:46:19 - PHP Notice:  Undefined index: title in C:\openserver\OSPanel\domains\shtorm\catalog\view\theme\journal3\template\journal3\module\categories.tpl on line 46
2020-11-18 22:47:25 - PHP Notice:  Undefined index: alt in C:\openserver\OSPanel\domains\shtorm\catalog\view\theme\journal3\template\journal3\module\master_slider.tpl on line 25
2020-11-18 23:00:01 - PHP Notice:  Undefined index: title in C:\openserver\OSPanel\domains\shtorm\catalog\view\theme\journal3\template\journal3\module\main_menu.tpl on line 28
2020-11-18 23:00:01 - PHP Notice:  Undefined index: title in C:\openserver\OSPanel\domains\shtorm\catalog\view\theme\journal3\template\journal3\module\main_menu.tpl on line 28
2020-11-18 23:00:01 - PHP Notice:  Undefined index: title in C:\openserver\OSPanel\domains\shtorm\catalog\view\theme\journal3\template\journal3\module\main_menu.tpl on line 28
2020-11-18 23:00:01 - PHP Notice:  Undefined index: title in C:\openserver\OSPanel\domains\shtorm\catalog\view\theme\journal3\template\journal3\module\main_menu.tpl on line 28
2020-11-19 0:44:44 - PHP Notice:  Undefined index: text in C:\openserver\OSPanel\domains\shtorm\catalog\view\theme\journal3\template\journal3\module\blocks.tpl on line 13
2020-11-19 0:44:44 - PHP Notice:  Undefined index: text in C:\openserver\OSPanel\domains\shtorm\catalog\view\theme\journal3\template\journal3\module\blocks.tpl on line 13
2020-11-19 0:44:46 - PHP Notice:  Undefined index: title in C:\openserver\OSPanel\domains\shtorm\catalog\view\theme\journal3\template\journal3\module\info_blocks.tpl on line 24
2020-11-19 0:44:46 - PHP Notice:  Undefined index: content in C:\openserver\OSPanel\domains\shtorm\catalog\view\theme\journal3\template\journal3\module\info_blocks.tpl on line 25
2020-11-19 0:44:46 - PHP Notice:  Undefined index: title in C:\openserver\OSPanel\domains\shtorm\catalog\view\theme\journal3\template\journal3\module\info_blocks.tpl on line 24
2020-11-19 0:44:46 - PHP Notice:  Undefined index: content in C:\openserver\OSPanel\domains\shtorm\catalog\view\theme\journal3\template\journal3\module\info_blocks.tpl on line 25
2020-11-19 0:44:46 - PHP Notice:  Undefined index: title in C:\openserver\OSPanel\domains\shtorm\catalog\view\theme\journal3\template\journal3\module\info_blocks.tpl on line 24
2020-11-19 0:44:46 - PHP Notice:  Undefined index: content in C:\openserver\OSPanel\domains\shtorm\catalog\view\theme\journal3\template\journal3\module\info_blocks.tpl on line 25
2020-11-19 14:33:21 - PHP Notice:  Undefined index: alt in C:\openserver\OSPanel\domains\shtorm\catalog\view\theme\journal3\template\journal3\module\master_slider.tpl on line 25
2020-11-19 14:45:33 - PHP Notice:  Undefined index: alt in C:\openserver\OSPanel\domains\shtorm\catalog\view\theme\journal3\template\journal3\module\master_slider.tpl on line 25
2020-11-19 14:52:04 - PHP Notice:  Undefined index: alt in C:\openserver\OSPanel\domains\shtorm\catalog\view\theme\journal3\template\journal3\module\master_slider.tpl on line 25
2020-11-19 14:54:34 - PHP Notice:  Undefined index: alt in C:\openserver\OSPanel\domains\shtorm\catalog\view\theme\journal3\template\journal3\module\master_slider.tpl on line 25
2020-11-19 14:55:44 - PHP Notice:  Undefined index: alt in C:\openserver\OSPanel\domains\shtorm\catalog\view\theme\journal3\template\journal3\module\master_slider.tpl on line 25
2020-11-19 15:05:55 - PHP Notice:  Undefined index: alt in C:\openserver\OSPanel\domains\shtorm\catalog\view\theme\journal3\template\journal3\module\master_slider.tpl on line 25
2020-11-19 15:13:41 - PHP Notice:  Undefined index: alt in C:\openserver\OSPanel\domains\shtorm\catalog\view\theme\journal3\template\journal3\module\master_slider.tpl on line 25
2020-11-19 21:59:35 - PHP Notice:  Undefined index: alt in C:\openserver\OSPanel\domains\shtorm\catalog\view\theme\journal3\template\journal3\module\master_slider.tpl on line 25
